<?xml version="1.0" encoding="UTF-8"?>
<testng-results skipped="0" failed="0" ignored="0" total="1" passed="1">
  <reporter-output>
  </reporter-output>
  <suite name="Default suite" duration-ms="14715" started-at="2019-01-04T05:31:59Z" finished-at="2019-01-04T05:32:14Z">
    <groups>
    </groups>
    <test name="Default test" duration-ms="14715" started-at="2019-01-04T05:31:59Z" finished-at="2019-01-04T05:32:14Z">
      <class name="com.ibm.jenkins.com.ibm.jenkins.LaunchApplication">
        <test-method status="PASS" signature="beforeTest()[pri:0, instance:com.ibm.jenkins.com.ibm.jenkins.LaunchApplication@5c7fa833]" name="beforeTest" is-config="true" duration-ms="13417" started-at="2019-01-04T11:01:59Z" finished-at="2019-01-04T11:02:13Z">
          <reporter-output>
          </reporter-output>
        </test-method> <!-- beforeTest -->
        <test-method status="PASS" signature="launchTest()[pri:0, instance:com.ibm.jenkins.com.ibm.jenkins.LaunchApplication@5c7fa833]" name="launchTest" duration-ms="7" started-at="2019-01-04T11:02:13Z" finished-at="2019-01-04T11:02:13Z">
          <reporter-output>
          </reporter-output>
        </test-method> <!-- launchTest -->
        <test-method status="PASS" signature="afterTest()[pri:0, instance:com.ibm.jenkins.com.ibm.jenkins.LaunchApplication@5c7fa833]" name="afterTest" is-config="true" duration-ms="1234" started-at="2019-01-04T11:02:13Z" finished-at="2019-01-04T11:02:14Z">
          <reporter-output>
          </reporter-output>
        </test-method> <!-- afterTest -->
      </class> <!-- com.ibm.jenkins.com.ibm.jenkins.LaunchApplication -->
    </test> <!-- Default test -->
  </suite> <!-- Default suite -->
</testng-results>
